<?xml version="1.0" encoding="UTF-8"?>
<!-- Generated by org.testng.reporters.JUnitReportReporter -->
<testsuite hostname="MacBook-Pro-2.local" failures="0" tests="2" name="UpdateUserTest" time="1.626" errors="0" timestamp="2024-01-25T02:19:40 CET" skipped="0">
  <testcase classname="UpdateUserTest" name="testUpdateUserUnsuccessfully" time="0.416"/>
  <system-out/>
  <testcase classname="UpdateUserTest" name="testUpdateUserSuccessfully" time="1.210"/>
  <system-out/>
</testsuite> <!-- UpdateUserTest -->
