<?xml version="1.0" encoding="UTF-8"?>
<!-- Generated by org.testng.reporters.JUnitReportReporter -->
<testsuite hostname="MacBook-Pro-2.local" failures="0" tests="2" name="DeleteUserTest" time="1.095" errors="0" timestamp="2024-01-25T02:19:40 CET" skipped="0">
  <testcase classname="DeleteUserTest" name="testDeleteUserSuccessfully" time="0.572"/>
  <system-out/>
  <testcase classname="DeleteUserTest" name="testDeleteUserUnsuccessfully" time="0.523"/>
  <system-out/>
</testsuite> <!-- DeleteUserTest -->
