<?xml version="1.0" encoding="UTF-8"?>
<!-- Generated by org.testng.reporters.JUnitReportReporter -->
<testsuite hostname="MacBook-Pro-2.local" failures="0" tests="2" name="GetUserByIdTest" time="0.420" errors="0" timestamp="2024-01-25T02:19:40 CET" skipped="0">
  <testcase classname="GetUserByIdTest" name="testGetUserByIdUnsuccessfully" time="0.173"/>
  <system-out/>
  <testcase classname="GetUserByIdTest" name="testGetUserByIdSuccessfully" time="0.247"/>
  <system-out/>
</testsuite> <!-- GetUserByIdTest -->
