<?xml version="1.0" encoding="UTF-8"?>
<!-- Generated by org.testng.reporters.JUnitReportReporter -->
<testsuite hostname="MacBook-Pro-2.local" failures="0" tests="2" name="CreateUserTest" time="0.955" errors="0" timestamp="2024-01-25T02:19:40 CET" skipped="0">
  <testcase classname="CreateUserTest" name="testCreateUserUnsuccessfully" time="0.474"/>
  <system-out/>
  <testcase classname="CreateUserTest" name="testCreateUserSuccessfully" time="0.481"/>
  <system-out/>
</testsuite> <!-- CreateUserTest -->
